Heap:
 garbage-first heap   total 131072K, used 10024K [0x0000000081e00000, 0x0000000100000000)
  region size 1024K, 2 young (2048K), 2 survivors (2048K)
 Metaspace       used 21306K, capacity 21884K, committed 22016K, reserved 1079296K
  class space    used 2569K, capacity 2816K, committed 2816K, reserved 1048576K
GC Heap History (8 events):
Event: 1.174 GC heap before
{Heap before GC invocations=0 (full 0):
 garbage-first heap   total 131072K, used 24576K [0x0000000081e00000, 0x0000000100000000)
  region size 1024K, 24 young (24576K), 0 survivors (0K)
 Metaspace       used 14922K, capacity 15397K, committed 15616K, reserved 1062912K
  class space    used 1600K, capacity 1754K, committed 1792K, reserved 1048576K
}
Event: 1.180 GC heap after
{Heap after GC invocations=1 (full 0):
 garbage-first heap   total 131072K, used 8192K [0x0000000081e00000, 0x0000000100000000)
  region size 1024K, 3 young (3072K), 3 survivors (3072K)
 Metaspace       used 14922K, capacity 15397K, committed 15616K, reserved 1062912K
  class space    used 1600K, capacity 1754K, committed 1792K, reserved 1048576K
}
Event: 1.343 GC heap before
{Heap before GC invocations=1 (full 0):
 garbage-first heap   total 131072K, used 26624K [0x0000000081e00000, 0x0000000100000000)
  region size 1024K, 21 young (21504K), 3 survivors (3072K)
 Metaspace       used 18860K, capacity 19436K, committed 19584K, reserved 1067008K
  class space    used 2156K, capacity 2363K, committed 2432K, reserved 1048576K
}
Event: 1.348 GC heap after
{Heap after GC invocations=2 (full 0):
 garbage-first heap   total 131072K, used 9355K [0x0000000081e00000, 0x0000000100000000)
  region size 1024K, 2 young (2048K), 2 survivors (2048K)
 Metaspace       used 18860K, capacity 19436K, committed 19584K, reserved 1067008K
  class space    used 2156K, capacity 2363K, committed 2432K, reserved 1048576K
}
Event: 1.355 GC heap before
{Heap before GC invocations=2 (full 0):
 garbage-first heap   total 131072K, used 9355K [0x0000000081e00000, 0x0000000100000000)
  region size 1024K, 3 young (3072K), 2 survivors (2048K)
 Metaspace       used 19028K, capacity 19532K, committed 19584K, reserved 1073152K
  class space    used 2193K, capacity 2395K, committed 2432K, reserved 1048576K
}
Event: 1.357 GC heap after
{Heap after GC invocations=3 (full 0):
 garbage-first heap   total 131072K, used 9356K [0x0000000081e00000, 0x0000000100000000)
  region size 1024K, 2 young (2048K), 2 survivors (2048K)
 Metaspace       used 19028K, capacity 19532K, committed 19584K, reserved 1073152K
  class space    used 2193K, capacity 2395K, committed 2432K, reserved 1048576K
}
Event: 1.482 GC heap before
{Heap before GC invocations=4 (full 0):
 garbage-first heap   total 131072K, used 24716K [0x0000000081e00000, 0x0000000100000000)
  region size 1024K, 18 young (18432K), 2 survivors (2048K)
 Metaspace       used 21306K, capacity 21884K, committed 22016K, reserved 1079296K
  class space    used 2569K, capacity 2816K, committed 2816K, reserved 1048576K
}
Event: 1.486 GC heap after
{Heap after GC invocations=5 (full 0):
 garbage-first heap   total 131072K, used 10024K [0x0000000081e00000, 0x0000000100000000)
  region size 1024K, 2 young (2048K), 2 survivors (2048K)
 Metaspace       used 21306K, capacity 21884K, committed 22016K, reserved 1079296K
  class space    used 2569K, capacity 2816K, committed 2816K, reserved 1048576K
}

