# JRE version: OpenJDK Runtime Environment (11.0.6+8) (build 11.0.6+8-b520.43)
# Java VM: OpenJDK 64-Bit Server VM (11.0.6+8-b520.43, mixed mode, tiered, compressed oops, g1 gc, windows-amd64)
Heap:
 garbage-first heap   total 131072K, used 22661K [0x0000000081e00000, 0x0000000100000000)
  region size 1024K, 7 young (7168K), 7 survivors (7168K)
 Metaspace       used 52191K, capacity 53495K, committed 53628K, reserved 1107968K
  class space    used 6827K, capacity 7339K, committed 7424K, reserved 1048576K
GC Heap History (18 events):
Event: 1.522 GC heap before
{Heap before GC invocations=0 (full 0):
 garbage-first heap   total 131072K, used 24576K [0x0000000081e00000, 0x0000000100000000)
  region size 1024K, 24 young (24576K), 0 survivors (0K)
 Metaspace       used 15122K, capacity 15573K, committed 15616K, reserved 1062912K
  class space    used 1626K, capacity 1772K, committed 1792K, reserved 1048576K
}
Event: 1.529 GC heap after
{Heap after GC invocations=1 (full 0):
 garbage-first heap   total 131072K, used 8321K [0x0000000081e00000, 0x0000000100000000)
  region size 1024K, 3 young (3072K), 3 survivors (3072K)
 Metaspace       used 15122K, capacity 15573K, committed 15616K, reserved 1062912K
  class space    used 1626K, capacity 1772K, committed 1792K, reserved 1048576K
}
Event: 1.725 GC heap before
{Heap before GC invocations=1 (full 0):
 garbage-first heap   total 131072K, used 21633K [0x0000000081e00000, 0x0000000100000000)
  region size 1024K, 16 young (16384K), 3 survivors (3072K)
 Metaspace       used 18453K, capacity 19048K, committed 19328K, reserved 1067008K
  class space    used 2074K, capacity 2310K, committed 2432K, reserved 1048576K
}
Event: 1.729 GC heap after
{Heap after GC invocations=2 (full 0):
 garbage-first heap   total 131072K, used 9539K [0x0000000081e00000, 0x0000000100000000)
  region size 1024K, 2 young (2048K), 2 survivors (2048K)
 Metaspace       used 18453K, capacity 19048K, committed 19328K, reserved 1067008K
  class space    used 2074K, capacity 2310K, committed 2432K, reserved 1048576K
}
Event: 1.806 GC heap before
{Heap before GC invocations=2 (full 0):
 garbage-first heap   total 131072K, used 20803K [0x0000000081e00000, 0x0000000100000000)
  region size 1024K, 14 young (14336K), 2 survivors (2048K)
 Metaspace       used 20461K, capacity 21141K, committed 21296K, reserved 1069056K
  class space    used 2448K, capacity 2688K, committed 2688K, reserved 1048576K
}
Event: 1.808 GC heap after
{Heap after GC invocations=3 (full 0):
 garbage-first heap   total 131072K, used 10077K [0x0000000081e00000, 0x0000000100000000)
  region size 1024K, 2 young (2048K), 2 survivors (2048K)
 Metaspace       used 20461K, capacity 21141K, committed 21296K, reserved 1069056K
  class space    used 2448K, capacity 2688K, committed 2688K, reserved 1048576K
}
Event: 2.653 GC heap before
{Heap before GC invocations=4 (full 0):
 garbage-first heap   total 131072K, used 66397K [0x0000000081e00000, 0x0000000100000000)
  region size 1024K, 58 young (59392K), 2 survivors (2048K)
 Metaspace       used 25904K, capacity 26685K, committed 26800K, reserved 1073152K
  class space    used 3167K, capacity 3477K, committed 3584K, reserved 1048576K
}
Event: 2.658 GC heap after
{Heap after GC invocations=5 (full 0):
 garbage-first heap   total 131072K, used 11384K [0x0000000081e00000, 0x0000000100000000)
  region size 1024K, 3 young (3072K), 3 survivors (3072K)
 Metaspace       used 25904K, capacity 26685K, committed 26800K, reserved 1073152K
  class space    used 3167K, capacity 3477K, committed 3584K, reserved 1048576K
}
Event: 3.393 GC heap before
{Heap before GC invocations=5 (full 0):
 garbage-first heap   total 131072K, used 75896K [0x0000000081e00000, 0x0000000100000000)
  region size 1024K, 67 young (68608K), 3 survivors (3072K)
 Metaspace       used 31212K, capacity 32182K, committed 32432K, reserved 1077248K
  class space    used 3900K, capacity 4296K, committed 4352K, reserved 1048576K
}
Event: 3.400 GC heap after
{Heap after GC invocations=6 (full 0):
 garbage-first heap   total 131072K, used 14023K [0x0000000081e00000, 0x0000000100000000)
  region size 1024K, 6 young (6144K), 6 survivors (6144K)
 Metaspace       used 31212K, capacity 32182K, committed 32432K, reserved 1077248K
  class space    used 3900K, capacity 4296K, committed 4352K, reserved 1048576K
}
Event: 4.014 GC heap before
{Heap before GC invocations=6 (full 0):
 garbage-first heap   total 131072K, used 37575K [0x0000000081e00000, 0x0000000100000000)
  region size 1024K, 30 young (30720K), 6 survivors (6144K)
 Metaspace       used 34415K, capacity 35576K, committed 35708K, reserved 1081344K
  class space    used 4332K, capacity 4807K, committed 4864K, reserved 1048576K
}
Event: 4.059 GC heap after
{Heap after GC invocations=7 (full 0):
 garbage-first heap   total 131072K, used 16385K [0x0000000081e00000, 0x0000000100000000)
  region size 1024K, 7 young (7168K), 7 survivors (7168K)
 Metaspace       used 34415K, capacity 35576K, committed 35708K, reserved 1081344K
  class space    used 4332K, capacity 4807K, committed 4864K, reserved 1048576K
}
Event: 4.580 GC heap before
{Heap before GC invocations=8 (full 0):
 garbage-first heap   total 131072K, used 84993K [0x0000000081e00000, 0x0000000100000000)
  region size 1024K, 75 young (76800K), 7 survivors (7168K)
 Metaspace       used 38515K, capacity 39746K, committed 39932K, reserved 1083392K
  class space    used 4909K, capacity 5385K, committed 5504K, reserved 1048576K
}
Event: 4.586 GC heap after
{Heap after GC invocations=9 (full 0):
 garbage-first heap   total 131072K, used 17499K [0x0000000081e00000, 0x0000000100000000)
  region size 1024K, 7 young (7168K), 7 survivors (7168K)
 Metaspace       used 38515K, capacity 39746K, committed 39932K, reserved 1083392K
  class space    used 4909K, capacity 5385K, committed 5504K, reserved 1048576K
}
Event: 6.086 GC heap before
{Heap before GC invocations=9 (full 0):
 garbage-first heap   total 131072K, used 88155K [0x0000000081e00000, 0x0000000100000000)
  region size 1024K, 76 young (77824K), 7 survivors (7168K)
 Metaspace       used 49341K, capacity 50648K, committed 50940K, reserved 1093632K
  class space    used 6459K, capacity 6985K, committed 7040K, reserved 1048576K
}
Event: 6.093 GC heap after
{Heap after GC invocations=10 (full 0):
 garbage-first heap   total 131072K, used 21118K [0x0000000081e00000, 0x0000000100000000)
  region size 1024K, 8 young (8192K), 8 survivors (8192K)
 Metaspace       used 49341K, capacity 50648K, committed 50940K, reserved 1093632K
  class space    used 6459K, capacity 6985K, committed 7040K, reserved 1048576K
}
Event: 6.503 GC heap before
{Heap before GC invocations=10 (full 0):
 garbage-first heap   total 131072K, used 39550K [0x0000000081e00000, 0x0000000100000000)
  region size 1024K, 27 young (27648K), 8 survivors (8192K)
 Metaspace       used 52191K, capacity 53495K, committed 53628K, reserved 1105920K
  class space    used 6827K, capacity 7339K, committed 7424K, reserved 1048576K
}
Event: 6.528 GC heap after
{Heap after GC invocations=11 (full 0):
 garbage-first heap   total 131072K, used 22661K [0x0000000081e00000, 0x0000000100000000)
  region size 1024K, 7 young (7168K), 7 survivors (7168K)
 Metaspace       used 52191K, capacity 53495K, committed 53628K, reserved 1105920K
  class space    used 6827K, capacity 7339K, committed 7424K, reserved 1048576K
}

